Arguments: 
  /opt/homebrew/Cellar/node/17.9.0/bin/node /Volumes/Home/Users/karthikeyan/.yarn/bin/yarn.js add --global np

PATH: 
  /opt/homebrew/opt/node@14/bin:/opt/homebrew/opt/node@16/bin:/Volumes/Home/Users/karthikeyan/.yarn/bin:/Volumes/Home/Users/karthikeyan/.config/yarn/global/node_modules/.bin:/opt/homebrew/bin:/opt/homebrew/sbin:/usr/local/bin:/usr/bin:/bin:/usr/sbin:/sbin:/usr/local/mysql/bin:/usr/local/mysql/support-files:/Library/Apple/usr/bin:/usr/local/mysql/bin/

Yarn version: 
  1.22.18

Node version: 
  17.9.0

Platform: 
  darwin arm64

Trace: 
  SyntaxError: /Volumes/Storage/Projects/NodeJs/npm/package/react-whatsapp-chat-widget/package.json: Unexpected token < in JSON at position 41
      at JSON.parse (<anonymous>)
      at /Volumes/Home/Users/karthikeyan/.yarn/lib/cli.js:1625:59
      at Generator.next (<anonymous>)
      at step (/Volumes/Home/Users/karthikeyan/.yarn/lib/cli.js:310:30)
      at /Volumes/Home/Users/karthikeyan/.yarn/lib/cli.js:321:13

npm manifest: 
  {
  	"name": "react-whatsapp-chat-widget",
  <<<<<<< HEAD
  	"version": "1.1.1",
  =======
  	"version": "1.0.10",
  >>>>>>> parent of b5b68d7 (1.1.0)
  	"description": "WhatsApp chat widget for react app",
  	"main": "index.js",
  	"license": "MIT",
  	"homepage": "https://github.com/proficientdesigners/react-whatsapp-chat-widget",
  	"devDependencies": {},
  	"repository": "proficientdesigners/react-whatsapp-chat-widget",
  	"keywords": [
  		"reactJs",
  		"react",
  		"whatsapp",
  		"widget",
  		"api"
  	],
  	"author": "Proficient Designers <contact@proficientdesigeners.com>",
  	"dependencies": {}
  }

yarn manifest: 
  No manifest

Lockfile: 
  No lockfile
